[debug] [2026-01-22T18:54:47.764Z] ----------------------------------------------------------------------
[debug] [2026-01-22T18:54:47.765Z] Command:       C:\nvm4w\nodejs\node.exe C:\Users\johnr\AppData\Roaming\npm\node_modules\firebase-tools\lib\bin\firebase.js deploy --only functions
[debug] [2026-01-22T18:54:47.765Z] CLI Version:   15.3.1
[debug] [2026-01-22T18:54:47.765Z] Platform:      win32
[debug] [2026-01-22T18:54:47.765Z] Node Version:  v24.13.0
[debug] [2026-01-22T18:54:47.765Z] Time:          Thu Jan 22 2026 20:54:47 GMT+0200 (Eastern European Standard Time)
[debug] [2026-01-22T18:54:47.765Z] ----------------------------------------------------------------------
[debug] 
[debug] [2026-01-22T18:54:48.865Z] > command requires scopes: ["email","openid","https://www.googleapis.com/auth/cloudplatformprojects.readonly","https://www.googleapis.com/auth/firebase","https://www.googleapis.com/auth/cloud-platform"]
[debug] [2026-01-22T18:54:48.866Z] > authorizing via signed-in user (johnrusu@gmail.com)
[debug] [2026-01-22T18:54:48.866Z] [iam] checking project recipe-finder-90c41 for permissions ["cloudfunctions.functions.create","cloudfunctions.functions.delete","cloudfunctions.functions.get","cloudfunctions.functions.list","cloudfunctions.functions.update","cloudfunctions.operations.get","firebase.projects.get"]
[debug] [2026-01-22T18:54:48.866Z] Checked if tokens are valid: true, expires at: 1769110447122
[debug] [2026-01-22T18:54:48.866Z] Checked if tokens are valid: true, expires at: 1769110447122
[debug] [2026-01-22T18:54:48.867Z] >>> [apiv2][query] POST https://cloudresourcemanager.googleapis.com/v1/projects/recipe-finder-90c41:testIamPermissions [none]
[debug] [2026-01-22T18:54:48.867Z] >>> [apiv2][(partial)header] POST https://cloudresourcemanager.googleapis.com/v1/projects/recipe-finder-90c41:testIamPermissions x-goog-quota-user=projects/recipe-finder-90c41
[debug] [2026-01-22T18:54:48.867Z] >>> [apiv2][body] POST https://cloudresourcemanager.googleapis.com/v1/projects/recipe-finder-90c41:testIamPermissions {"permissions":["cloudfunctions.functions.create","cloudfunctions.functions.delete","cloudfunctions.functions.get","cloudfunctions.functions.list","cloudfunctions.functions.update","cloudfunctions.operations.get","firebase.projects.get"]}
[debug] [2026-01-22T18:54:49.655Z] <<< [apiv2][status] POST https://cloudresourcemanager.googleapis.com/v1/projects/recipe-finder-90c41:testIamPermissions 200
[debug] [2026-01-22T18:54:49.655Z] <<< [apiv2][body] POST https://cloudresourcemanager.googleapis.com/v1/projects/recipe-finder-90c41:testIamPermissions {"permissions":["cloudfunctions.functions.create","cloudfunctions.functions.delete","cloudfunctions.functions.get","cloudfunctions.functions.list","cloudfunctions.functions.update","cloudfunctions.operations.get","firebase.projects.get"]}
[debug] [2026-01-22T18:54:49.656Z] Checked if tokens are valid: true, expires at: 1769110447122
[debug] [2026-01-22T18:54:49.656Z] Checked if tokens are valid: true, expires at: 1769110447122
[debug] [2026-01-22T18:54:49.656Z] >>> [apiv2][query] POST https://iam.googleapis.com/v1/projects/recipe-finder-90c41/serviceAccounts/recipe-finder-90c41@appspot.gserviceaccount.com:testIamPermissions [none]
[debug] [2026-01-22T18:54:49.656Z] >>> [apiv2][body] POST https://iam.googleapis.com/v1/projects/recipe-finder-90c41/serviceAccounts/recipe-finder-90c41@appspot.gserviceaccount.com:testIamPermissions {"permissions":["iam.serviceAccounts.actAs"]}
[debug] [2026-01-22T18:54:50.649Z] <<< [apiv2][status] POST https://iam.googleapis.com/v1/projects/recipe-finder-90c41/serviceAccounts/recipe-finder-90c41@appspot.gserviceaccount.com:testIamPermissions 200
[debug] [2026-01-22T18:54:50.649Z] <<< [apiv2][body] POST https://iam.googleapis.com/v1/projects/recipe-finder-90c41/serviceAccounts/recipe-finder-90c41@appspot.gserviceaccount.com:testIamPermissions {"permissions":["iam.serviceAccounts.actAs"]}
[info] 
[info] === Deploying to 'recipe-finder-90c41'...
[info] 
[info] i  deploying functions 
[debug] [2026-01-22T18:54:50.651Z] Checked if tokens are valid: true, expires at: 1769110447122
[debug] [2026-01-22T18:54:50.651Z] Checked if tokens are valid: true, expires at: 1769110447122
[debug] [2026-01-22T18:54:50.651Z] >>> [apiv2][query] GET https://cloudresourcemanager.googleapis.com/v1/projects/recipe-finder-90c41 [none]
[debug] [2026-01-22T18:54:50.884Z] <<< [apiv2][status] GET https://cloudresourcemanager.googleapis.com/v1/projects/recipe-finder-90c41 200
[debug] [2026-01-22T18:54:50.885Z] <<< [apiv2][body] GET https://cloudresourcemanager.googleapis.com/v1/projects/recipe-finder-90c41 {"projectNumber":"124360688245","projectId":"recipe-finder-90c41","lifecycleState":"ACTIVE","name":"recipe-finder","labels":{"firebase":"enabled","firebase-core":"disabled"},"createTime":"2026-01-17T16:52:44.852193Z"}
[info] i  functions: preparing codebase default for deployment 
[info] i  functions: ensuring required API cloudfunctions.googleapis.com is enabled... 
[info] i  functions: ensuring required API cloudbuild.googleapis.com is enabled... 
[info] i  artifactregistry: ensuring required API artifactregistry.googleapis.com is enabled... 
[debug] [2026-01-22T18:54:50.886Z] Checked if tokens are valid: true, expires at: 1769110447122
[debug] [2026-01-22T18:54:50.886Z] Checked if tokens are valid: true, expires at: 1769110447122
[debug] [2026-01-22T18:54:50.886Z] >>> [apiv2][query] GET https://firebase.googleapis.com/v1beta1/projects/recipe-finder-90c41/adminSdkConfig [none]
[debug] [2026-01-22T18:54:51.505Z] <<< [apiv2][status] GET https://firebase.googleapis.com/v1beta1/projects/recipe-finder-90c41/adminSdkConfig 200
[debug] [2026-01-22T18:54:51.505Z] <<< [apiv2][body] GET https://firebase.googleapis.com/v1beta1/projects/recipe-finder-90c41/adminSdkConfig {"projectId":"recipe-finder-90c41","storageBucket":"recipe-finder-90c41.firebasestorage.app"}
[debug] [2026-01-22T18:54:51.506Z] Validating nodejs source
[warn] !  functions: package.json indicates an outdated version of firebase-functions. Please upgrade using npm install --save firebase-functions@latest in your functions directory. 
[warn] !  functions: Please note that there will be breaking changes when you upgrade. 
[debug] [2026-01-22T18:54:52.022Z] > [functions] package.json contents: {
  "name": "recipe-finder-functions",
  "version": "1.0.0",
  "description": "Firebase Cloud Functions for recipe finder app",
  "main": "index.js",
  "scripts": {
    "start": "node index.js",
    "dev": "nodemon index.js"
  },
  "engines": {
    "node": "20"
  },
  "dependencies": {
    "firebase-functions": "^5.1.1",
    "express": "^4.18.2",
    "dotenv": "^16.0.0",
    "cors": "^2.8.5",
    "ramda": "^0.32.0",
    "mongoose": "^8.0.0",
    "express-oauth2-jwt-bearer": "^1.6.0"
  },
  "devDependencies": {
    "firebase-admin": "^12.0.0",
    "firebase-functions-test": "^3.1.0"
  }
}
[debug] [2026-01-22T18:54:52.022Z] Building nodejs source
[info] i  functions: Loading and analyzing source code for codebase default to determine what to deploy 
[debug] [2026-01-22T18:54:52.022Z] Could not find functions.yaml. Must use http discovery
[debug] [2026-01-22T18:54:52.030Z] Found firebase-functions binary at 'D:\Development\recipe-finder\functions\node_modules\.bin\firebase-functions'
[info] Serving at port 8581

[info] [dotenv@17.2.3] injecting env (0) from .env -- tip: ðŸ”„ add secrets lifecycle management: https://dotenvx.com/ops

[error] âš ï¸  Missing environment variables: API_RECIPE_KEY, SPOONACULAR_BASE_URL, AUTH0_AUDIENCE, AUTH0_DOMAIN, AUTH0_CLIENT_ID, AUTH0_ISSUER, USE_MOCK_DATA, MOCK_DATA_PATH

[info] âœ“ Server initialization started

[error] This may cause API errors. Check Firebase config or .env file.

[info] CONSTANTS: IS_DEV: false MONGODB_URI: mongodb://localhost:27017/recipe-finder-db...

[info] Connecting to MongoDB... (attempt 1/3)

[debug] [2026-01-22T18:54:52.798Z] Got response from /__/functions.yaml {"endpoints":{"api":{"platform":"gcfv1","availableMemoryMb":null,"timeoutSeconds":null,"minInstances":null,"maxInstances":null,"ingressSettings":null,"serviceAccountEmail":null,"vpc":null,"httpsTrigger":{},"entryPoint":"api"}},"specVersion":"v1alpha1","requiredAPIs":[],"extensions":{}}
[info] Database connected

[info] i  extensions: ensuring required API firebaseextensions.googleapis.com is enabled... 
[debug] [2026-01-22T18:55:02.814Z] > command requires scopes: ["email","openid","https://www.googleapis.com/auth/cloudplatformprojects.readonly","https://www.googleapis.com/auth/firebase","https://www.googleapis.com/auth/cloud-platform"]
[debug] [2026-01-22T18:55:02.814Z] > authorizing via signed-in user (johnrusu@gmail.com)
[debug] [2026-01-22T18:55:02.814Z] [iam] checking project recipe-finder-90c41 for permissions ["firebase.projects.get","firebaseextensions.instances.list"]
[debug] [2026-01-22T18:55:02.814Z] Checked if tokens are valid: true, expires at: 1769110447122
[debug] [2026-01-22T18:55:02.814Z] Checked if tokens are valid: true, expires at: 1769110447122
[debug] [2026-01-22T18:55:02.815Z] >>> [apiv2][query] POST https://cloudresourcemanager.googleapis.com/v1/projects/recipe-finder-90c41:testIamPermissions [none]
[debug] [2026-01-22T18:55:02.815Z] >>> [apiv2][(partial)header] POST https://cloudresourcemanager.googleapis.com/v1/projects/recipe-finder-90c41:testIamPermissions x-goog-quota-user=projects/recipe-finder-90c41
[debug] [2026-01-22T18:55:02.815Z] >>> [apiv2][body] POST https://cloudresourcemanager.googleapis.com/v1/projects/recipe-finder-90c41:testIamPermissions {"permissions":["firebase.projects.get","firebaseextensions.instances.list"]}
[debug] [2026-01-22T18:55:03.824Z] <<< [apiv2][status] POST https://cloudresourcemanager.googleapis.com/v1/projects/recipe-finder-90c41:testIamPermissions 200
[debug] [2026-01-22T18:55:03.824Z] <<< [apiv2][body] POST https://cloudresourcemanager.googleapis.com/v1/projects/recipe-finder-90c41:testIamPermissions {"permissions":["firebase.projects.get","firebaseextensions.instances.list"]}
[debug] [2026-01-22T18:55:03.825Z] Checked if tokens are valid: true, expires at: 1769110447122
[debug] [2026-01-22T18:55:03.825Z] Checked if tokens are valid: true, expires at: 1769110447122
[debug] [2026-01-22T18:55:03.825Z] >>> [apiv2][query] GET https://firebaseextensions.googleapis.com/v1beta/projects/recipe-finder-90c41/instances pageSize=100&pageToken=
[debug] [2026-01-22T18:55:05.329Z] <<< [apiv2][status] GET https://firebaseextensions.googleapis.com/v1beta/projects/recipe-finder-90c41/instances 200
[debug] [2026-01-22T18:55:05.329Z] <<< [apiv2][body] GET https://firebaseextensions.googleapis.com/v1beta/projects/recipe-finder-90c41/instances {}
[info] i  functions: preparing functions directory for uploading... 
[info] i  functions: packaged D:\Development\recipe-finder\functions (201.48 KB) for uploading 
[debug] [2026-01-22T18:55:05.357Z] Checked if tokens are valid: true, expires at: 1769110447122
[debug] [2026-01-22T18:55:05.358Z] Checked if tokens are valid: true, expires at: 1769110447122
[debug] [2026-01-22T18:55:05.358Z] >>> [apiv2][query] GET https://cloudfunctions.googleapis.com/v1/projects/recipe-finder-90c41/locations/-/functions [none]
[debug] [2026-01-22T18:55:06.329Z] <<< [apiv2][status] GET https://cloudfunctions.googleapis.com/v1/projects/recipe-finder-90c41/locations/-/functions 200
[debug] [2026-01-22T18:55:06.329Z] <<< [apiv2][body] GET https://cloudfunctions.googleapis.com/v1/projects/recipe-finder-90c41/locations/-/functions {"functions":[{"name":"projects/recipe-finder-90c41/locations/us-central1/functions/api","httpsTrigger":{"url":"https://us-central1-recipe-finder-90c41.cloudfunctions.net/api","securityLevel":"SECURE_ALWAYS"},"status":"ACTIVE","entryPoint":"api","timeout":"60s","availableMemoryMb":256,"serviceAccountEmail":"recipe-finder-90c41@appspot.gserviceaccount.com","updateTime":"2026-01-22T18:53:04.873Z","versionId":"14","labels":{"deployment-tool":"cli-firebase","firebase-functions-hash":"04984df7af3f07929555dd27ec740c619562b2e7"},"sourceUploadUrl":"https://storage.googleapis.com/uploads-240845515750.us-central1.cloudfunctions.appspot.com/2e109813-c156-441b-a49a-a63885666cb6.zip","environmentVariables":{"FIREBASE_CONFIG":"{\"projectId\":\"recipe-finder-90c41\",\"storageBucket\":\"recipe-finder-90c41.firebasestorage.app\"}","GCLOUD_PROJECT":"recipe-finder-90c41","EVENTARC_CLOUD_EVENT_SOURCE":"projects/recipe-finder-90c41/locations/us-central1/functions/api"},"runtime":"nodejs20","ingressSettings":"ALLOW_ALL","buildId":"b1ed4556-8060-490b-985d-f969f6855fd7","buildEnvironmentVariables":{"GOOGLE_NODE_RUN_SCRIPTS":""},"buildName":"projects/124360688245/locations/us-central1/builds/b1ed4556-8060-490b-985d-f969f6855fd7","dockerRegistry":"ARTIFACT_REGISTRY","automaticUpdatePolicy":{},"buildServiceAccount":"projects/recipe-finder-90c41/serviceAccounts/124360688245-compute@developer.gserviceaccount.com","satisfiesPzi":true}]}
[debug] [2026-01-22T18:55:06.329Z] Checked if tokens are valid: true, expires at: 1769110447122
[debug] [2026-01-22T18:55:06.329Z] Checked if tokens are valid: true, expires at: 1769110447122
[debug] [2026-01-22T18:55:06.329Z] >>> [apiv2][query] GET https://cloudfunctions.googleapis.com/v2/projects/recipe-finder-90c41/locations/-/functions filter=environment%3D%22GEN_2%22
[debug] [2026-01-22T18:55:06.962Z] <<< [apiv2][status] GET https://cloudfunctions.googleapis.com/v2/projects/recipe-finder-90c41/locations/-/functions 200
[debug] [2026-01-22T18:55:06.962Z] <<< [apiv2][body] GET https://cloudfunctions.googleapis.com/v2/projects/recipe-finder-90c41/locations/-/functions {}
[debug] [2026-01-22T18:55:06.964Z] Checked if tokens are valid: true, expires at: 1769110447122
[debug] [2026-01-22T18:55:06.964Z] Checked if tokens are valid: true, expires at: 1769110447122
[debug] [2026-01-22T18:55:06.964Z] >>> [apiv2][query] GET https://cloudresourcemanager.googleapis.com/v1/projects/recipe-finder-90c41 [none]
[debug] [2026-01-22T18:55:07.171Z] <<< [apiv2][status] GET https://cloudresourcemanager.googleapis.com/v1/projects/recipe-finder-90c41 200
[debug] [2026-01-22T18:55:07.171Z] <<< [apiv2][body] GET https://cloudresourcemanager.googleapis.com/v1/projects/recipe-finder-90c41 {"projectNumber":"124360688245","projectId":"recipe-finder-90c41","lifecycleState":"ACTIVE","name":"recipe-finder","labels":{"firebase":"enabled","firebase-core":"disabled"},"createTime":"2026-01-17T16:52:44.852193Z"}
[debug] [2026-01-22T18:55:07.172Z] Checked if tokens are valid: true, expires at: 1769110447122
[debug] [2026-01-22T18:55:07.172Z] Checked if tokens are valid: true, expires at: 1769110447122
[debug] [2026-01-22T18:55:07.172Z] >>> [apiv2][query] GET https://cloudbilling.googleapis.com/v1/projects/recipe-finder-90c41/billingInfo [none]
[debug] [2026-01-22T18:55:07.480Z] <<< [apiv2][status] GET https://cloudbilling.googleapis.com/v1/projects/recipe-finder-90c41/billingInfo 200
[debug] [2026-01-22T18:55:07.481Z] <<< [apiv2][body] GET https://cloudbilling.googleapis.com/v1/projects/recipe-finder-90c41/billingInfo {"name":"projects/recipe-finder-90c41/billingInfo","projectId":"recipe-finder-90c41","billingAccountName":"billingAccounts/01205A-9B2302-BBA070","billingEnabled":true}
[debug] [2026-01-22T18:55:07.482Z] Checked if tokens are valid: true, expires at: 1769110447122
[debug] [2026-01-22T18:55:07.482Z] Checked if tokens are valid: true, expires at: 1769110447122
[debug] [2026-01-22T18:55:07.482Z] >>> [apiv2][query] POST https://cloudfunctions.googleapis.com/v1/projects/recipe-finder-90c41/locations/us-central1/functions:generateUploadUrl [none]
[debug] [2026-01-22T18:55:07.482Z] >>> [apiv2][body] POST https://cloudfunctions.googleapis.com/v1/projects/recipe-finder-90c41/locations/us-central1/functions:generateUploadUrl {}
[debug] [2026-01-22T18:55:08.036Z] <<< [apiv2][status] POST https://cloudfunctions.googleapis.com/v1/projects/recipe-finder-90c41/locations/us-central1/functions:generateUploadUrl 200
[debug] [2026-01-22T18:55:08.036Z] <<< [apiv2][body] POST https://cloudfunctions.googleapis.com/v1/projects/recipe-finder-90c41/locations/us-central1/functions:generateUploadUrl {"uploadUrl":"https://storage.googleapis.com/uploads-240845515750.us-central1.cloudfunctions.appspot.com/c69f1e22-527c-4fac-9f75-15c5ef383f61.zip?GoogleAccessId=service-124360688245@gcf-admin-robot.iam.gserviceaccount.com&Expires=1769109907&Signature=Gn1xa4gVNZCTbf4ids50%2BSM%2BTFigHMH9DImTJyNDAcIFM%2FvxYLxYl2ChbyaNIK%2BmWJSxOtVT2gSJEyNHQzM%2BdSXGEe0MAK5J6QsVB454FfEOr2RNvUYUwWkFs3MtI55uUFQRC0SOGDz7ya2NyKBYCtjhVyyxWv%2BeGV1EKYvBv1ccFdlU0AgP5KUQDG37ObFxHq%2BPbCOv55rMh5geOhfm3K3c8Hn7ufriRiZT0PGkT8JM6zFZMlecIcpoBdYx9Exn5Zi80b7OChWHbfNoj6%2FuwAnZA8NmAsxYVBo1YVDnd3rMre1VFJa4UBgU0nNMs2PBIlq0%2F%2FuJRrZf3GFe0G9W%2FQ%3D%3D"}
[debug] [2026-01-22T18:55:08.037Z] >>> [apiv2][query] PUT https://storage.googleapis.com/uploads-240845515750.us-central1.cloudfunctions.appspot.com/c69f1e22-527c-4fac-9f75-15c5ef383f61.zip GoogleAccessId=service-124360688245%40gcf-admin-robot.iam.gserviceaccount.com&Expires=1769109907&Signature=Gn1xa4gVNZCTbf4ids50%2BSM%2BTFigHMH9DImTJyNDAcIFM%2FvxYLxYl2ChbyaNIK%2BmWJSxOtVT2gSJEyNHQzM%2BdSXGEe0MAK5J6QsVB454FfEOr2RNvUYUwWkFs3MtI55uUFQRC0SOGDz7ya2NyKBYCtjhVyyxWv%2BeGV1EKYvBv1ccFdlU0AgP5KUQDG37ObFxHq%2BPbCOv55rMh5geOhfm3K3c8Hn7ufriRiZT0PGkT8JM6zFZMlecIcpoBdYx9Exn5Zi80b7OChWHbfNoj6%2FuwAnZA8NmAsxYVBo1YVDnd3rMre1VFJa4UBgU0nNMs2PBIlq0%2F%2FuJRrZf3GFe0G9W%2FQ%3D%3D
[debug] [2026-01-22T18:55:08.037Z] >>> [apiv2][body] PUT https://storage.googleapis.com/uploads-240845515750.us-central1.cloudfunctions.appspot.com/c69f1e22-527c-4fac-9f75-15c5ef383f61.zip [stream]
[debug] [2026-01-22T18:55:08.893Z] <<< [apiv2][status] PUT https://storage.googleapis.com/uploads-240845515750.us-central1.cloudfunctions.appspot.com/c69f1e22-527c-4fac-9f75-15c5ef383f61.zip 200
[debug] [2026-01-22T18:55:08.893Z] <<< [apiv2][body] PUT https://storage.googleapis.com/uploads-240845515750.us-central1.cloudfunctions.appspot.com/c69f1e22-527c-4fac-9f75-15c5ef383f61.zip [omitted]
[info] +  functions: functions source uploaded successfully 
[info] i  functions: updating Node.js 20 (1st Gen) function api(us-central1)... 
[debug] [2026-01-22T18:55:08.896Z] Checked if tokens are valid: true, expires at: 1769110447122
[debug] [2026-01-22T18:55:08.897Z] Checked if tokens are valid: true, expires at: 1769110447122
[debug] [2026-01-22T18:55:08.897Z] >>> [apiv2][query] PATCH https://cloudfunctions.googleapis.com/v1/projects/recipe-finder-90c41/locations/us-central1/functions/api updateMask=name%2CsourceUploadUrl%2CentryPoint%2Cruntime%2CdockerRegistry%2Clabels%2ChttpsTrigger.securityLevel%2CminInstances%2CmaxInstances%2CingressSettings%2CenvironmentVariables%2CserviceAccountEmail%2CavailableMemoryMb%2Ctimeout%2CvpcConnector%2CvpcConnectorEgressSettings%2CsourceToken%2CbuildEnvironmentVariables
[debug] [2026-01-22T18:55:08.897Z] >>> [apiv2][body] PATCH https://cloudfunctions.googleapis.com/v1/projects/recipe-finder-90c41/locations/us-central1/functions/api {"name":"projects/recipe-finder-90c41/locations/us-central1/functions/api","sourceUploadUrl":"https://storage.googleapis.com/uploads-240845515750.us-central1.cloudfunctions.appspot.com/c69f1e22-527c-4fac-9f75-15c5ef383f61.zip?GoogleAccessId=service-124360688245@gcf-admin-robot.iam.gserviceaccount.com&Expires=1769109907&Signature=Gn1xa4gVNZCTbf4ids50%2BSM%2BTFigHMH9DImTJyNDAcIFM%2FvxYLxYl2ChbyaNIK%2BmWJSxOtVT2gSJEyNHQzM%2BdSXGEe0MAK5J6QsVB454FfEOr2RNvUYUwWkFs3MtI55uUFQRC0SOGDz7ya2NyKBYCtjhVyyxWv%2BeGV1EKYvBv1ccFdlU0AgP5KUQDG37ObFxHq%2BPbCOv55rMh5geOhfm3K3c8Hn7ufriRiZT0PGkT8JM6zFZMlecIcpoBdYx9Exn5Zi80b7OChWHbfNoj6%2FuwAnZA8NmAsxYVBo1YVDnd3rMre1VFJa4UBgU0nNMs2PBIlq0%2F%2FuJRrZf3GFe0G9W%2FQ%3D%3D","entryPoint":"api","runtime":"nodejs20","dockerRegistry":"ARTIFACT_REGISTRY","labels":{"deployment-tool":"cli-firebase","firebase-functions-hash":"b0faabb4aca31d9aa24d35c7afb127a19ee506a2"},"httpsTrigger":{"securityLevel":"SECURE_ALWAYS"},"minInstances":null,"maxInstances":null,"ingressSettings":null,"environmentVariables":{"FIREBASE_CONFIG":"{\"projectId\":\"recipe-finder-90c41\",\"storageBucket\":\"recipe-finder-90c41.firebasestorage.app\"}","GCLOUD_PROJECT":"recipe-finder-90c41","EVENTARC_CLOUD_EVENT_SOURCE":"projects/recipe-finder-90c41/locations/us-central1/functions/api"},"serviceAccountEmail":null,"availableMemoryMb":null,"timeout":null,"vpcConnector":null,"vpcConnectorEgressSettings":null,"buildEnvironmentVariables":{"GOOGLE_NODE_RUN_SCRIPTS":""}}
[debug] [2026-01-22T18:55:09.418Z] <<< [apiv2][status] PATCH https://cloudfunctions.googleapis.com/v1/projects/recipe-finder-90c41/locations/us-central1/functions/api 200
[debug] [2026-01-22T18:55:09.418Z] <<< [apiv2][body] PATCH https://cloudfunctions.googleapis.com/v1/projects/recipe-finder-90c41/locations/us-central1/functions/api {"name":"operations/cmVjaXBlLWZpbmRlci05MGM0MS91cy1jZW50cmFsMS9hcGkvNER4Vmt0cGpJVVE","metadata":{"@type":"type.googleapis.com/google.cloud.functions.v1.OperationMetadataV1","target":"projects/recipe-finder-90c41/locations/us-central1/functions/api","type":"UPDATE_FUNCTION","request":{"@type":"type.googleapis.com/google.cloud.functions.v1.CloudFunction","name":"projects/recipe-finder-90c41/locations/us-central1/functions/api","httpsTrigger":{"url":"https://us-central1-recipe-finder-90c41.cloudfunctions.net/api","securityLevel":"SECURE_ALWAYS"},"status":"ACTIVE","entryPoint":"api","updateTime":"2026-01-22T18:53:04.873Z","versionId":"14","labels":{"deployment-tool":"cli-firebase","firebase-functions-hash":"b0faabb4aca31d9aa24d35c7afb127a19ee506a2"},"sourceUploadUrl":"https://storage.googleapis.com/uploads-240845515750.us-central1.cloudfunctions.appspot.com/c69f1e22-527c-4fac-9f75-15c5ef383f61.zip?GoogleAccessId=service-124360688245@gcf-admin-robot.iam.gserviceaccount.com&Expires=1769109907&Signature=Gn1xa4gVNZCTbf4ids50%2BSM%2BTFigHMH9DImTJyNDAcIFM%2FvxYLxYl2ChbyaNIK%2BmWJSxOtVT2gSJEyNHQzM%2BdSXGEe0MAK5J6QsVB454FfEOr2RNvUYUwWkFs3MtI55uUFQRC0SOGDz7ya2NyKBYCtjhVyyxWv%2BeGV1EKYvBv1ccFdlU0AgP5KUQDG37ObFxHq%2BPbCOv55rMh5geOhfm3K3c8Hn7ufriRiZT0PGkT8JM6zFZMlecIcpoBdYx9Exn5Zi80b7OChWHbfNoj6%2FuwAnZA8NmAsxYVBo1YVDnd3rMre1VFJa4UBgU0nNMs2PBIlq0%2F%2FuJRrZf3GFe0G9W%2FQ%3D%3D","environmentVariables":{"FIREBASE_CONFIG":"{\"projectId\":\"recipe-finder-90c41\",\"storageBucket\":\"recipe-finder-90c41.firebasestorage.app\"}","GCLOUD_PROJECT":"recipe-finder-90c41","EVENTARC_CLOUD_EVENT_SOURCE":"projects/recipe-finder-90c41/locations/us-central1/functions/api"},"runtime":"nodejs20","buildId":"b1ed4556-8060-490b-985d-f969f6855fd7","buildEnvironmentVariables":{"GOOGLE_NODE_RUN_SCRIPTS":""},"buildName":"projects/124360688245/locations/us-central1/builds/b1ed4556-8060-490b-985d-f969f6855fd7","dockerRegistry":"ARTIFACT_REGISTRY","automaticUpdatePolicy":{},"buildServiceAccount":"projects/recipe-finder-90c41/serviceAccounts/124360688245-compute@developer.gserviceaccount.com"},"versionId":"15","updateTime":"2026-01-22T18:55:08Z"}}
[debug] [2026-01-22T18:55:09.419Z] Checked if tokens are valid: true, expires at: 1769110447122
[debug] [2026-01-22T18:55:09.419Z] Checked if tokens are valid: true, expires at: 1769110447122
[debug] [2026-01-22T18:55:09.419Z] >>> [apiv2][query] GET https://cloudfunctions.googleapis.com/v1/operations/cmVjaXBlLWZpbmRlci05MGM0MS91cy1jZW50cmFsMS9hcGkvNER4Vmt0cGpJVVE [none]
[debug] [2026-01-22T18:55:09.649Z] <<< [apiv2][status] GET https://cloudfunctions.googleapis.com/v1/operations/cmVjaXBlLWZpbmRlci05MGM0MS91cy1jZW50cmFsMS9hcGkvNER4Vmt0cGpJVVE 200
[debug] [2026-01-22T18:55:09.649Z] <<< [apiv2][body] GET https://cloudfunctions.googleapis.com/v1/operations/cmVjaXBlLWZpbmRlci05MGM0MS91cy1jZW50cmFsMS9hcGkvNER4Vmt0cGpJVVE {"name":"operations/cmVjaXBlLWZpbmRlci05MGM0MS91cy1jZW50cmFsMS9hcGkvNER4Vmt0cGpJVVE","metadata":{"@type":"type.googleapis.com/google.cloud.functions.v1.OperationMetadataV1","target":"projects/recipe-finder-90c41/locations/us-central1/functions/api","type":"UPDATE_FUNCTION","request":{"@type":"type.googleapis.com/google.cloud.functions.v1.CloudFunction","name":"projects/recipe-finder-90c41/locations/us-central1/functions/api","httpsTrigger":{"url":"https://us-central1-recipe-finder-90c41.cloudfunctions.net/api","securityLevel":"SECURE_ALWAYS"},"status":"ACTIVE","entryPoint":"api","updateTime":"2026-01-22T18:53:04.873Z","versionId":"14","labels":{"deployment-tool":"cli-firebase","firebase-functions-hash":"b0faabb4aca31d9aa24d35c7afb127a19ee506a2"},"sourceUploadUrl":"https://storage.googleapis.com/uploads-240845515750.us-central1.cloudfunctions.appspot.com/c69f1e22-527c-4fac-9f75-15c5ef383f61.zip?GoogleAccessId=service-124360688245@gcf-admin-robot.iam.gserviceaccount.com&Expires=1769109907&Signature=Gn1xa4gVNZCTbf4ids50%2BSM%2BTFigHMH9DImTJyNDAcIFM%2FvxYLxYl2ChbyaNIK%2BmWJSxOtVT2gSJEyNHQzM%2BdSXGEe0MAK5J6QsVB454FfEOr2RNvUYUwWkFs3MtI55uUFQRC0SOGDz7ya2NyKBYCtjhVyyxWv%2BeGV1EKYvBv1ccFdlU0AgP5KUQDG37ObFxHq%2BPbCOv55rMh5geOhfm3K3c8Hn7ufriRiZT0PGkT8JM6zFZMlecIcpoBdYx9Exn5Zi80b7OChWHbfNoj6%2FuwAnZA8NmAsxYVBo1YVDnd3rMre1VFJa4UBgU0nNMs2PBIlq0%2F%2FuJRrZf3GFe0G9W%2FQ%3D%3D","environmentVariables":{"FIREBASE_CONFIG":"{\"projectId\":\"recipe-finder-90c41\",\"storageBucket\":\"recipe-finder-90c41.firebasestorage.app\"}","GCLOUD_PROJECT":"recipe-finder-90c41","EVENTARC_CLOUD_EVENT_SOURCE":"projects/recipe-finder-90c41/locations/us-central1/functions/api"},"runtime":"nodejs20","buildId":"b1ed4556-8060-490b-985d-f969f6855fd7","buildEnvironmentVariables":{"GOOGLE_NODE_RUN_SCRIPTS":""},"buildName":"projects/124360688245/locations/us-central1/builds/b1ed4556-8060-490b-985d-f969f6855fd7","dockerRegistry":"ARTIFACT_REGISTRY","automaticUpdatePolicy":{},"buildServiceAccount":"projects/recipe-finder-90c41/serviceAccounts/124360688245-compute@developer.gserviceaccount.com"},"versionId":"15","updateTime":"2026-01-22T18:55:09Z"}}
[debug] [2026-01-22T18:55:10.164Z] [update-default-us-central1-api] Retrying task index 0
[debug] [2026-01-22T18:55:10.164Z] Checked if tokens are valid: true, expires at: 1769110447122
[debug] [2026-01-22T18:55:10.164Z] Checked if tokens are valid: true, expires at: 1769110447122
[debug] [2026-01-22T18:55:10.164Z] >>> [apiv2][query] GET https://cloudfunctions.googleapis.com/v1/operations/cmVjaXBlLWZpbmRlci05MGM0MS91cy1jZW50cmFsMS9hcGkvNER4Vmt0cGpJVVE [none]
[debug] [2026-01-22T18:55:10.373Z] <<< [apiv2][status] GET https://cloudfunctions.googleapis.com/v1/operations/cmVjaXBlLWZpbmRlci05MGM0MS91cy1jZW50cmFsMS9hcGkvNER4Vmt0cGpJVVE 200
[debug] [2026-01-22T18:55:10.373Z] <<< [apiv2][body] GET https://cloudfunctions.googleapis.com/v1/operations/cmVjaXBlLWZpbmRlci05MGM0MS91cy1jZW50cmFsMS9hcGkvNER4Vmt0cGpJVVE {"name":"operations/cmVjaXBlLWZpbmRlci05MGM0MS91cy1jZW50cmFsMS9hcGkvNER4Vmt0cGpJVVE","metadata":{"@type":"type.googleapis.com/google.cloud.functions.v1.OperationMetadataV1","target":"projects/recipe-finder-90c41/locations/us-central1/functions/api","type":"UPDATE_FUNCTION","request":{"@type":"type.googleapis.com/google.cloud.functions.v1.CloudFunction","name":"projects/recipe-finder-90c41/locations/us-central1/functions/api","httpsTrigger":{"url":"https://us-central1-recipe-finder-90c41.cloudfunctions.net/api","securityLevel":"SECURE_ALWAYS"},"status":"ACTIVE","entryPoint":"api","updateTime":"2026-01-22T18:53:04.873Z","versionId":"14","labels":{"deployment-tool":"cli-firebase","firebase-functions-hash":"b0faabb4aca31d9aa24d35c7afb127a19ee506a2"},"sourceUploadUrl":"https://storage.googleapis.com/uploads-240845515750.us-central1.cloudfunctions.appspot.com/c69f1e22-527c-4fac-9f75-15c5ef383f61.zip?GoogleAccessId=service-124360688245@gcf-admin-robot.iam.gserviceaccount.com&Expires=1769109907&Signature=Gn1xa4gVNZCTbf4ids50%2BSM%2BTFigHMH9DImTJyNDAcIFM%2FvxYLxYl2ChbyaNIK%2BmWJSxOtVT2gSJEyNHQzM%2BdSXGEe0MAK5J6QsVB454FfEOr2RNvUYUwWkFs3MtI55uUFQRC0SOGDz7ya2NyKBYCtjhVyyxWv%2BeGV1EKYvBv1ccFdlU0AgP5KUQDG37ObFxHq%2BPbCOv55rMh5geOhfm3K3c8Hn7ufriRiZT0PGkT8JM6zFZMlecIcpoBdYx9Exn5Zi80b7OChWHbfNoj6%2FuwAnZA8NmAsxYVBo1YVDnd3rMre1VFJa4UBgU0nNMs2PBIlq0%2F%2FuJRrZf3GFe0G9W%2FQ%3D%3D","environmentVariables":{"FIREBASE_CONFIG":"{\"projectId\":\"recipe-finder-90c41\",\"storageBucket\":\"recipe-finder-90c41.firebasestorage.app\"}","GCLOUD_PROJECT":"recipe-finder-90c41","EVENTARC_CLOUD_EVENT_SOURCE":"projects/recipe-finder-90c41/locations/us-central1/functions/api"},"runtime":"nodejs20","buildId":"b1ed4556-8060-490b-985d-f969f6855fd7","buildEnvironmentVariables":{"GOOGLE_NODE_RUN_SCRIPTS":""},"buildName":"projects/124360688245/locations/us-central1/builds/b1ed4556-8060-490b-985d-f969f6855fd7","dockerRegistry":"ARTIFACT_REGISTRY","automaticUpdatePolicy":{},"buildServiceAccount":"projects/recipe-finder-90c41/serviceAccounts/124360688245-compute@developer.gserviceaccount.com"},"versionId":"15","updateTime":"2026-01-22T18:55:09Z","buildId":"06abd2fa-8fa1-417d-bc56-ad1d9ab09f13","buildName":"projects/124360688245/locations/us-central1/builds/06abd2fa-8fa1-417d-bc56-ad1d9ab09f13"}}
[debug] [2026-01-22T18:55:11.381Z] [update-default-us-central1-api] Retrying task index 0
[debug] [2026-01-22T18:55:11.382Z] Checked if tokens are valid: true, expires at: 1769110447122
[debug] [2026-01-22T18:55:11.382Z] Checked if tokens are valid: true, expires at: 1769110447122
[debug] [2026-01-22T18:55:11.382Z] >>> [apiv2][query] GET https://cloudfunctions.googleapis.com/v1/operations/cmVjaXBlLWZpbmRlci05MGM0MS91cy1jZW50cmFsMS9hcGkvNER4Vmt0cGpJVVE [none]
[debug] [2026-01-22T18:55:11.630Z] <<< [apiv2][status] GET https://cloudfunctions.googleapis.com/v1/operations/cmVjaXBlLWZpbmRlci05MGM0MS91cy1jZW50cmFsMS9hcGkvNER4Vmt0cGpJVVE 200
[debug] [2026-01-22T18:55:11.630Z] <<< [apiv2][body] GET https://cloudfunctions.googleapis.com/v1/operations/cmVjaXBlLWZpbmRlci05MGM0MS91cy1jZW50cmFsMS9hcGkvNER4Vmt0cGpJVVE {"name":"operations/cmVjaXBlLWZpbmRlci05MGM0MS91cy1jZW50cmFsMS9hcGkvNER4Vmt0cGpJVVE","metadata":{"@type":"type.googleapis.com/google.cloud.functions.v1.OperationMetadataV1","target":"projects/recipe-finder-90c41/locations/us-central1/functions/api","type":"UPDATE_FUNCTION","request":{"@type":"type.googleapis.com/google.cloud.functions.v1.CloudFunction","name":"projects/recipe-finder-90c41/locations/us-central1/functions/api","httpsTrigger":{"url":"https://us-central1-recipe-finder-90c41.cloudfunctions.net/api","securityLevel":"SECURE_ALWAYS"},"status":"ACTIVE","entryPoint":"api","updateTime":"2026-01-22T18:53:04.873Z","versionId":"14","labels":{"deployment-tool":"cli-firebase","firebase-functions-hash":"b0faabb4aca31d9aa24d35c7afb127a19ee506a2"},"sourceUploadUrl":"https://storage.googleapis.com/uploads-240845515750.us-central1.cloudfunctions.appspot.com/c69f1e22-527c-4fac-9f75-15c5ef383f61.zip?GoogleAccessId=service-124360688245@gcf-admin-robot.iam.gserviceaccount.com&Expires=1769109907&Signature=Gn1xa4gVNZCTbf4ids50%2BSM%2BTFigHMH9DImTJyNDAcIFM%2FvxYLxYl2ChbyaNIK%2BmWJSxOtVT2gSJEyNHQzM%2BdSXGEe0MAK5J6QsVB454FfEOr2RNvUYUwWkFs3MtI55uUFQRC0SOGDz7ya2NyKBYCtjhVyyxWv%2BeGV1EKYvBv1ccFdlU0AgP5KUQDG37ObFxHq%2BPbCOv55rMh5geOhfm3K3c8Hn7ufriRiZT0PGkT8JM6zFZMlecIcpoBdYx9Exn5Zi80b7OChWHbfNoj6%2FuwAnZA8NmAsxYVBo1YVDnd3rMre1VFJa4UBgU0nNMs2PBIlq0%2F%2FuJRrZf3GFe0G9W%2FQ%3D%3D","environmentVariables":{"FIREBASE_CONFIG":"{\"projectId\":\"recipe-finder-90c41\",\"storageBucket\":\"recipe-finder-90c41.firebasestorage.app\"}","GCLOUD_PROJECT":"recipe-finder-90c41","EVENTARC_CLOUD_EVENT_SOURCE":"projects/recipe-finder-90c41/locations/us-central1/functions/api"},"runtime":"nodejs20","buildId":"b1ed4556-8060-490b-985d-f969f6855fd7","buildEnvironmentVariables":{"GOOGLE_NODE_RUN_SCRIPTS":""},"buildName":"projects/124360688245/locations/us-central1/builds/b1ed4556-8060-490b-985d-f969f6855fd7","dockerRegistry":"ARTIFACT_REGISTRY","automaticUpdatePolicy":{},"buildServiceAccount":"projects/recipe-finder-90c41/serviceAccounts/124360688245-compute@developer.gserviceaccount.com"},"versionId":"15","updateTime":"2026-01-22T18:55:09Z","buildId":"06abd2fa-8fa1-417d-bc56-ad1d9ab09f13","buildName":"projects/124360688245/locations/us-central1/builds/06abd2fa-8fa1-417d-bc56-ad1d9ab09f13"}}
[debug] [2026-01-22T18:55:13.633Z] [update-default-us-central1-api] Retrying task index 0
[debug] [2026-01-22T18:55:13.634Z] Checked if tokens are valid: true, expires at: 1769110447122
[debug] [2026-01-22T18:55:13.634Z] Checked if tokens are valid: true, expires at: 1769110447122
[debug] [2026-01-22T18:55:13.634Z] >>> [apiv2][query] GET https://cloudfunctions.googleapis.com/v1/operations/cmVjaXBlLWZpbmRlci05MGM0MS91cy1jZW50cmFsMS9hcGkvNER4Vmt0cGpJVVE [none]
[debug] [2026-01-22T18:55:13.833Z] <<< [apiv2][status] GET https://cloudfunctions.googleapis.com/v1/operations/cmVjaXBlLWZpbmRlci05MGM0MS91cy1jZW50cmFsMS9hcGkvNER4Vmt0cGpJVVE 200
[debug] [2026-01-22T18:55:13.833Z] <<< [apiv2][body] GET https://cloudfunctions.googleapis.com/v1/operations/cmVjaXBlLWZpbmRlci05MGM0MS91cy1jZW50cmFsMS9hcGkvNER4Vmt0cGpJVVE {"name":"operations/cmVjaXBlLWZpbmRlci05MGM0MS91cy1jZW50cmFsMS9hcGkvNER4Vmt0cGpJVVE","metadata":{"@type":"type.googleapis.com/google.cloud.functions.v1.OperationMetadataV1","target":"projects/recipe-finder-90c41/locations/us-central1/functions/api","type":"UPDATE_FUNCTION","request":{"@type":"type.googleapis.com/google.cloud.functions.v1.CloudFunction","name":"projects/recipe-finder-90c41/locations/us-central1/functions/api","httpsTrigger":{"url":"https://us-central1-recipe-finder-90c41.cloudfunctions.net/api","securityLevel":"SECURE_ALWAYS"},"status":"ACTIVE","entryPoint":"api","updateTime":"2026-01-22T18:53:04.873Z","versionId":"14","labels":{"deployment-tool":"cli-firebase","firebase-functions-hash":"b0faabb4aca31d9aa24d35c7afb127a19ee506a2"},"sourceUploadUrl":"https://storage.googleapis.com/uploads-240845515750.us-central1.cloudfunctions.appspot.com/c69f1e22-527c-4fac-9f75-15c5ef383f61.zip?GoogleAccessId=service-124360688245@gcf-admin-robot.iam.gserviceaccount.com&Expires=1769109907&Signature=Gn1xa4gVNZCTbf4ids50%2BSM%2BTFigHMH9DImTJyNDAcIFM%2FvxYLxYl2ChbyaNIK%2BmWJSxOtVT2gSJEyNHQzM%2BdSXGEe0MAK5J6QsVB454FfEOr2RNvUYUwWkFs3MtI55uUFQRC0SOGDz7ya2NyKBYCtjhVyyxWv%2BeGV1EKYvBv1ccFdlU0AgP5KUQDG37ObFxHq%2BPbCOv55rMh5geOhfm3K3c8Hn7ufriRiZT0PGkT8JM6zFZMlecIcpoBdYx9Exn5Zi80b7OChWHbfNoj6%2FuwAnZA8NmAsxYVBo1YVDnd3rMre1VFJa4UBgU0nNMs2PBIlq0%2F%2FuJRrZf3GFe0G9W%2FQ%3D%3D","environmentVariables":{"FIREBASE_CONFIG":"{\"projectId\":\"recipe-finder-90c41\",\"storageBucket\":\"recipe-finder-90c41.firebasestorage.app\"}","GCLOUD_PROJECT":"recipe-finder-90c41","EVENTARC_CLOUD_EVENT_SOURCE":"projects/recipe-finder-90c41/locations/us-central1/functions/api"},"runtime":"nodejs20","buildId":"b1ed4556-8060-490b-985d-f969f6855fd7","buildEnvironmentVariables":{"GOOGLE_NODE_RUN_SCRIPTS":""},"buildName":"projects/124360688245/locations/us-central1/builds/b1ed4556-8060-490b-985d-f969f6855fd7","dockerRegistry":"ARTIFACT_REGISTRY","automaticUpdatePolicy":{},"buildServiceAccount":"projects/recipe-finder-90c41/serviceAccounts/124360688245-compute@developer.gserviceaccount.com"},"versionId":"15","updateTime":"2026-01-22T18:55:09Z","buildId":"06abd2fa-8fa1-417d-bc56-ad1d9ab09f13","buildName":"projects/124360688245/locations/us-central1/builds/06abd2fa-8fa1-417d-bc56-ad1d9ab09f13"}}
[debug] [2026-01-22T18:55:17.844Z] [update-default-us-central1-api] Retrying task index 0
[debug] [2026-01-22T18:55:17.845Z] Checked if tokens are valid: true, expires at: 1769110447122
[debug] [2026-01-22T18:55:17.845Z] Checked if tokens are valid: true, expires at: 1769110447122
[debug] [2026-01-22T18:55:17.845Z] >>> [apiv2][query] GET https://cloudfunctions.googleapis.com/v1/operations/cmVjaXBlLWZpbmRlci05MGM0MS91cy1jZW50cmFsMS9hcGkvNER4Vmt0cGpJVVE [none]
[debug] [2026-01-22T18:55:18.067Z] <<< [apiv2][status] GET https://cloudfunctions.googleapis.com/v1/operations/cmVjaXBlLWZpbmRlci05MGM0MS91cy1jZW50cmFsMS9hcGkvNER4Vmt0cGpJVVE 200
[debug] [2026-01-22T18:55:18.067Z] <<< [apiv2][body] GET https://cloudfunctions.googleapis.com/v1/operations/cmVjaXBlLWZpbmRlci05MGM0MS91cy1jZW50cmFsMS9hcGkvNER4Vmt0cGpJVVE {"name":"operations/cmVjaXBlLWZpbmRlci05MGM0MS91cy1jZW50cmFsMS9hcGkvNER4Vmt0cGpJVVE","metadata":{"@type":"type.googleapis.com/google.cloud.functions.v1.OperationMetadataV1","target":"projects/recipe-finder-90c41/locations/us-central1/functions/api","type":"UPDATE_FUNCTION","request":{"@type":"type.googleapis.com/google.cloud.functions.v1.CloudFunction","name":"projects/recipe-finder-90c41/locations/us-central1/functions/api","httpsTrigger":{"url":"https://us-central1-recipe-finder-90c41.cloudfunctions.net/api","securityLevel":"SECURE_ALWAYS"},"status":"ACTIVE","entryPoint":"api","updateTime":"2026-01-22T18:53:04.873Z","versionId":"14","labels":{"deployment-tool":"cli-firebase","firebase-functions-hash":"b0faabb4aca31d9aa24d35c7afb127a19ee506a2"},"sourceUploadUrl":"https://storage.googleapis.com/uploads-240845515750.us-central1.cloudfunctions.appspot.com/c69f1e22-527c-4fac-9f75-15c5ef383f61.zip?GoogleAccessId=service-124360688245@gcf-admin-robot.iam.gserviceaccount.com&Expires=1769109907&Signature=Gn1xa4gVNZCTbf4ids50%2BSM%2BTFigHMH9DImTJyNDAcIFM%2FvxYLxYl2ChbyaNIK%2BmWJSxOtVT2gSJEyNHQzM%2BdSXGEe0MAK5J6QsVB454FfEOr2RNvUYUwWkFs3MtI55uUFQRC0SOGDz7ya2NyKBYCtjhVyyxWv%2BeGV1EKYvBv1ccFdlU0AgP5KUQDG37ObFxHq%2BPbCOv55rMh5geOhfm3K3c8Hn7ufriRiZT0PGkT8JM6zFZMlecIcpoBdYx9Exn5Zi80b7OChWHbfNoj6%2FuwAnZA8NmAsxYVBo1YVDnd3rMre1VFJa4UBgU0nNMs2PBIlq0%2F%2FuJRrZf3GFe0G9W%2FQ%3D%3D","environmentVariables":{"FIREBASE_CONFIG":"{\"projectId\":\"recipe-finder-90c41\",\"storageBucket\":\"recipe-finder-90c41.firebasestorage.app\"}","GCLOUD_PROJECT":"recipe-finder-90c41","EVENTARC_CLOUD_EVENT_SOURCE":"projects/recipe-finder-90c41/locations/us-central1/functions/api"},"runtime":"nodejs20","buildId":"b1ed4556-8060-490b-985d-f969f6855fd7","buildEnvironmentVariables":{"GOOGLE_NODE_RUN_SCRIPTS":""},"buildName":"projects/124360688245/locations/us-central1/builds/b1ed4556-8060-490b-985d-f969f6855fd7","dockerRegistry":"ARTIFACT_REGISTRY","automaticUpdatePolicy":{},"buildServiceAccount":"projects/recipe-finder-90c41/serviceAccounts/124360688245-compute@developer.gserviceaccount.com"},"versionId":"15","updateTime":"2026-01-22T18:55:09Z","buildId":"06abd2fa-8fa1-417d-bc56-ad1d9ab09f13","buildName":"projects/124360688245/locations/us-central1/builds/06abd2fa-8fa1-417d-bc56-ad1d9ab09f13"}}
[debug] [2026-01-22T18:55:26.070Z] [update-default-us-central1-api] Retrying task index 0
[debug] [2026-01-22T18:55:26.070Z] Checked if tokens are valid: true, expires at: 1769110447122
[debug] [2026-01-22T18:55:26.070Z] Checked if tokens are valid: true, expires at: 1769110447122
[debug] [2026-01-22T18:55:26.070Z] >>> [apiv2][query] GET https://cloudfunctions.googleapis.com/v1/operations/cmVjaXBlLWZpbmRlci05MGM0MS91cy1jZW50cmFsMS9hcGkvNER4Vmt0cGpJVVE [none]
[debug] [2026-01-22T18:55:26.374Z] <<< [apiv2][status] GET https://cloudfunctions.googleapis.com/v1/operations/cmVjaXBlLWZpbmRlci05MGM0MS91cy1jZW50cmFsMS9hcGkvNER4Vmt0cGpJVVE 200
[debug] [2026-01-22T18:55:26.374Z] <<< [apiv2][body] GET https://cloudfunctions.googleapis.com/v1/operations/cmVjaXBlLWZpbmRlci05MGM0MS91cy1jZW50cmFsMS9hcGkvNER4Vmt0cGpJVVE {"name":"operations/cmVjaXBlLWZpbmRlci05MGM0MS91cy1jZW50cmFsMS9hcGkvNER4Vmt0cGpJVVE","metadata":{"@type":"type.googleapis.com/google.cloud.functions.v1.OperationMetadataV1","target":"projects/recipe-finder-90c41/locations/us-central1/functions/api","type":"UPDATE_FUNCTION","request":{"@type":"type.googleapis.com/google.cloud.functions.v1.CloudFunction","name":"projects/recipe-finder-90c41/locations/us-central1/functions/api","httpsTrigger":{"url":"https://us-central1-recipe-finder-90c41.cloudfunctions.net/api","securityLevel":"SECURE_ALWAYS"},"status":"ACTIVE","entryPoint":"api","updateTime":"2026-01-22T18:53:04.873Z","versionId":"14","labels":{"deployment-tool":"cli-firebase","firebase-functions-hash":"b0faabb4aca31d9aa24d35c7afb127a19ee506a2"},"sourceUploadUrl":"https://storage.googleapis.com/uploads-240845515750.us-central1.cloudfunctions.appspot.com/c69f1e22-527c-4fac-9f75-15c5ef383f61.zip?GoogleAccessId=service-124360688245@gcf-admin-robot.iam.gserviceaccount.com&Expires=1769109907&Signature=Gn1xa4gVNZCTbf4ids50%2BSM%2BTFigHMH9DImTJyNDAcIFM%2FvxYLxYl2ChbyaNIK%2BmWJSxOtVT2gSJEyNHQzM%2BdSXGEe0MAK5J6QsVB454FfEOr2RNvUYUwWkFs3MtI55uUFQRC0SOGDz7ya2NyKBYCtjhVyyxWv%2BeGV1EKYvBv1ccFdlU0AgP5KUQDG37ObFxHq%2BPbCOv55rMh5geOhfm3K3c8Hn7ufriRiZT0PGkT8JM6zFZMlecIcpoBdYx9Exn5Zi80b7OChWHbfNoj6%2FuwAnZA8NmAsxYVBo1YVDnd3rMre1VFJa4UBgU0nNMs2PBIlq0%2F%2FuJRrZf3GFe0G9W%2FQ%3D%3D","environmentVariables":{"FIREBASE_CONFIG":"{\"projectId\":\"recipe-finder-90c41\",\"storageBucket\":\"recipe-finder-90c41.firebasestorage.app\"}","GCLOUD_PROJECT":"recipe-finder-90c41","EVENTARC_CLOUD_EVENT_SOURCE":"projects/recipe-finder-90c41/locations/us-central1/functions/api"},"runtime":"nodejs20","buildId":"b1ed4556-8060-490b-985d-f969f6855fd7","buildEnvironmentVariables":{"GOOGLE_NODE_RUN_SCRIPTS":""},"buildName":"projects/124360688245/locations/us-central1/builds/b1ed4556-8060-490b-985d-f969f6855fd7","dockerRegistry":"ARTIFACT_REGISTRY","automaticUpdatePolicy":{},"buildServiceAccount":"projects/recipe-finder-90c41/serviceAccounts/124360688245-compute@developer.gserviceaccount.com"},"versionId":"15","updateTime":"2026-01-22T18:55:09Z","buildId":"06abd2fa-8fa1-417d-bc56-ad1d9ab09f13","buildName":"projects/124360688245/locations/us-central1/builds/06abd2fa-8fa1-417d-bc56-ad1d9ab09f13"}}
[debug] [2026-01-22T18:55:36.386Z] [update-default-us-central1-api] Retrying task index 0
[debug] [2026-01-22T18:55:36.386Z] Checked if tokens are valid: true, expires at: 1769110447122
[debug] [2026-01-22T18:55:36.387Z] Checked if tokens are valid: true, expires at: 1769110447122
[debug] [2026-01-22T18:55:36.387Z] >>> [apiv2][query] GET https://cloudfunctions.googleapis.com/v1/operations/cmVjaXBlLWZpbmRlci05MGM0MS91cy1jZW50cmFsMS9hcGkvNER4Vmt0cGpJVVE [none]
[debug] [2026-01-22T18:55:36.966Z] <<< [apiv2][status] GET https://cloudfunctions.googleapis.com/v1/operations/cmVjaXBlLWZpbmRlci05MGM0MS91cy1jZW50cmFsMS9hcGkvNER4Vmt0cGpJVVE 200
[debug] [2026-01-22T18:55:36.966Z] <<< [apiv2][body] GET https://cloudfunctions.googleapis.com/v1/operations/cmVjaXBlLWZpbmRlci05MGM0MS91cy1jZW50cmFsMS9hcGkvNER4Vmt0cGpJVVE {"name":"operations/cmVjaXBlLWZpbmRlci05MGM0MS91cy1jZW50cmFsMS9hcGkvNER4Vmt0cGpJVVE","metadata":{"@type":"type.googleapis.com/google.cloud.functions.v1.OperationMetadataV1","target":"projects/recipe-finder-90c41/locations/us-central1/functions/api","type":"UPDATE_FUNCTION","request":{"@type":"type.googleapis.com/google.cloud.functions.v1.CloudFunction","name":"projects/recipe-finder-90c41/locations/us-central1/functions/api","httpsTrigger":{"url":"https://us-central1-recipe-finder-90c41.cloudfunctions.net/api","securityLevel":"SECURE_ALWAYS"},"status":"ACTIVE","entryPoint":"api","updateTime":"2026-01-22T18:53:04.873Z","versionId":"14","labels":{"deployment-tool":"cli-firebase","firebase-functions-hash":"b0faabb4aca31d9aa24d35c7afb127a19ee506a2"},"sourceUploadUrl":"https://storage.googleapis.com/uploads-240845515750.us-central1.cloudfunctions.appspot.com/c69f1e22-527c-4fac-9f75-15c5ef383f61.zip?GoogleAccessId=service-124360688245@gcf-admin-robot.iam.gserviceaccount.com&Expires=1769109907&Signature=Gn1xa4gVNZCTbf4ids50%2BSM%2BTFigHMH9DImTJyNDAcIFM%2FvxYLxYl2ChbyaNIK%2BmWJSxOtVT2gSJEyNHQzM%2BdSXGEe0MAK5J6QsVB454FfEOr2RNvUYUwWkFs3MtI55uUFQRC0SOGDz7ya2NyKBYCtjhVyyxWv%2BeGV1EKYvBv1ccFdlU0AgP5KUQDG37ObFxHq%2BPbCOv55rMh5geOhfm3K3c8Hn7ufriRiZT0PGkT8JM6zFZMlecIcpoBdYx9Exn5Zi80b7OChWHbfNoj6%2FuwAnZA8NmAsxYVBo1YVDnd3rMre1VFJa4UBgU0nNMs2PBIlq0%2F%2FuJRrZf3GFe0G9W%2FQ%3D%3D","environmentVariables":{"FIREBASE_CONFIG":"{\"projectId\":\"recipe-finder-90c41\",\"storageBucket\":\"recipe-finder-90c41.firebasestorage.app\"}","GCLOUD_PROJECT":"recipe-finder-90c41","EVENTARC_CLOUD_EVENT_SOURCE":"projects/recipe-finder-90c41/locations/us-central1/functions/api"},"runtime":"nodejs20","buildId":"b1ed4556-8060-490b-985d-f969f6855fd7","buildEnvironmentVariables":{"GOOGLE_NODE_RUN_SCRIPTS":""},"buildName":"projects/124360688245/locations/us-central1/builds/b1ed4556-8060-490b-985d-f969f6855fd7","dockerRegistry":"ARTIFACT_REGISTRY","automaticUpdatePolicy":{},"buildServiceAccount":"projects/recipe-finder-90c41/serviceAccounts/124360688245-compute@developer.gserviceaccount.com"},"versionId":"15","updateTime":"2026-01-22T18:55:09Z","buildId":"06abd2fa-8fa1-417d-bc56-ad1d9ab09f13","buildName":"projects/124360688245/locations/us-central1/builds/06abd2fa-8fa1-417d-bc56-ad1d9ab09f13"}}
[debug] [2026-01-22T18:55:46.973Z] [update-default-us-central1-api] Retrying task index 0
[debug] [2026-01-22T18:55:46.974Z] Checked if tokens are valid: true, expires at: 1769110447122
[debug] [2026-01-22T18:55:46.974Z] Checked if tokens are valid: true, expires at: 1769110447122
[debug] [2026-01-22T18:55:46.974Z] >>> [apiv2][query] GET https://cloudfunctions.googleapis.com/v1/operations/cmVjaXBlLWZpbmRlci05MGM0MS91cy1jZW50cmFsMS9hcGkvNER4Vmt0cGpJVVE [none]
[debug] [2026-01-22T18:55:47.277Z] <<< [apiv2][status] GET https://cloudfunctions.googleapis.com/v1/operations/cmVjaXBlLWZpbmRlci05MGM0MS91cy1jZW50cmFsMS9hcGkvNER4Vmt0cGpJVVE 200
[debug] [2026-01-22T18:55:47.277Z] <<< [apiv2][body] GET https://cloudfunctions.googleapis.com/v1/operations/cmVjaXBlLWZpbmRlci05MGM0MS91cy1jZW50cmFsMS9hcGkvNER4Vmt0cGpJVVE {"name":"operations/cmVjaXBlLWZpbmRlci05MGM0MS91cy1jZW50cmFsMS9hcGkvNER4Vmt0cGpJVVE","metadata":{"@type":"type.googleapis.com/google.cloud.functions.v1.OperationMetadataV1","target":"projects/recipe-finder-90c41/locations/us-central1/functions/api","type":"UPDATE_FUNCTION","request":{"@type":"type.googleapis.com/google.cloud.functions.v1.CloudFunction","name":"projects/recipe-finder-90c41/locations/us-central1/functions/api","httpsTrigger":{"url":"https://us-central1-recipe-finder-90c41.cloudfunctions.net/api","securityLevel":"SECURE_ALWAYS"},"status":"ACTIVE","entryPoint":"api","updateTime":"2026-01-22T18:53:04.873Z","versionId":"14","labels":{"deployment-tool":"cli-firebase","firebase-functions-hash":"b0faabb4aca31d9aa24d35c7afb127a19ee506a2"},"sourceUploadUrl":"https://storage.googleapis.com/uploads-240845515750.us-central1.cloudfunctions.appspot.com/c69f1e22-527c-4fac-9f75-15c5ef383f61.zip?GoogleAccessId=service-124360688245@gcf-admin-robot.iam.gserviceaccount.com&Expires=1769109907&Signature=Gn1xa4gVNZCTbf4ids50%2BSM%2BTFigHMH9DImTJyNDAcIFM%2FvxYLxYl2ChbyaNIK%2BmWJSxOtVT2gSJEyNHQzM%2BdSXGEe0MAK5J6QsVB454FfEOr2RNvUYUwWkFs3MtI55uUFQRC0SOGDz7ya2NyKBYCtjhVyyxWv%2BeGV1EKYvBv1ccFdlU0AgP5KUQDG37ObFxHq%2BPbCOv55rMh5geOhfm3K3c8Hn7ufriRiZT0PGkT8JM6zFZMlecIcpoBdYx9Exn5Zi80b7OChWHbfNoj6%2FuwAnZA8NmAsxYVBo1YVDnd3rMre1VFJa4UBgU0nNMs2PBIlq0%2F%2FuJRrZf3GFe0G9W%2FQ%3D%3D","environmentVariables":{"FIREBASE_CONFIG":"{\"projectId\":\"recipe-finder-90c41\",\"storageBucket\":\"recipe-finder-90c41.firebasestorage.app\"}","GCLOUD_PROJECT":"recipe-finder-90c41","EVENTARC_CLOUD_EVENT_SOURCE":"projects/recipe-finder-90c41/locations/us-central1/functions/api"},"runtime":"nodejs20","buildId":"b1ed4556-8060-490b-985d-f969f6855fd7","buildEnvironmentVariables":{"GOOGLE_NODE_RUN_SCRIPTS":""},"buildName":"projects/124360688245/locations/us-central1/builds/b1ed4556-8060-490b-985d-f969f6855fd7","dockerRegistry":"ARTIFACT_REGISTRY","automaticUpdatePolicy":{},"buildServiceAccount":"projects/recipe-finder-90c41/serviceAccounts/124360688245-compute@developer.gserviceaccount.com"},"versionId":"15","updateTime":"2026-01-22T18:55:09Z","buildId":"06abd2fa-8fa1-417d-bc56-ad1d9ab09f13","buildName":"projects/124360688245/locations/us-central1/builds/06abd2fa-8fa1-417d-bc56-ad1d9ab09f13"}}
[debug] [2026-01-22T18:55:57.292Z] [update-default-us-central1-api] Retrying task index 0
[debug] [2026-01-22T18:55:57.292Z] Checked if tokens are valid: true, expires at: 1769110447122
[debug] [2026-01-22T18:55:57.292Z] Checked if tokens are valid: true, expires at: 1769110447122
[debug] [2026-01-22T18:55:57.293Z] >>> [apiv2][query] GET https://cloudfunctions.googleapis.com/v1/operations/cmVjaXBlLWZpbmRlci05MGM0MS91cy1jZW50cmFsMS9hcGkvNER4Vmt0cGpJVVE [none]
[debug] [2026-01-22T18:55:57.614Z] <<< [apiv2][status] GET https://cloudfunctions.googleapis.com/v1/operations/cmVjaXBlLWZpbmRlci05MGM0MS91cy1jZW50cmFsMS9hcGkvNER4Vmt0cGpJVVE 200
[debug] [2026-01-22T18:55:57.614Z] <<< [apiv2][body] GET https://cloudfunctions.googleapis.com/v1/operations/cmVjaXBlLWZpbmRlci05MGM0MS91cy1jZW50cmFsMS9hcGkvNER4Vmt0cGpJVVE {"name":"operations/cmVjaXBlLWZpbmRlci05MGM0MS91cy1jZW50cmFsMS9hcGkvNER4Vmt0cGpJVVE","metadata":{"@type":"type.googleapis.com/google.cloud.functions.v1.OperationMetadataV1","target":"projects/recipe-finder-90c41/locations/us-central1/functions/api","type":"UPDATE_FUNCTION","request":{"@type":"type.googleapis.com/google.cloud.functions.v1.CloudFunction","name":"projects/recipe-finder-90c41/locations/us-central1/functions/api","httpsTrigger":{"url":"https://us-central1-recipe-finder-90c41.cloudfunctions.net/api","securityLevel":"SECURE_ALWAYS"},"status":"ACTIVE","entryPoint":"api","updateTime":"2026-01-22T18:53:04.873Z","versionId":"14","labels":{"deployment-tool":"cli-firebase","firebase-functions-hash":"b0faabb4aca31d9aa24d35c7afb127a19ee506a2"},"sourceUploadUrl":"https://storage.googleapis.com/uploads-240845515750.us-central1.cloudfunctions.appspot.com/c69f1e22-527c-4fac-9f75-15c5ef383f61.zip?GoogleAccessId=service-124360688245@gcf-admin-robot.iam.gserviceaccount.com&Expires=1769109907&Signature=Gn1xa4gVNZCTbf4ids50%2BSM%2BTFigHMH9DImTJyNDAcIFM%2FvxYLxYl2ChbyaNIK%2BmWJSxOtVT2gSJEyNHQzM%2BdSXGEe0MAK5J6QsVB454FfEOr2RNvUYUwWkFs3MtI55uUFQRC0SOGDz7ya2NyKBYCtjhVyyxWv%2BeGV1EKYvBv1ccFdlU0AgP5KUQDG37ObFxHq%2BPbCOv55rMh5geOhfm3K3c8Hn7ufriRiZT0PGkT8JM6zFZMlecIcpoBdYx9Exn5Zi80b7OChWHbfNoj6%2FuwAnZA8NmAsxYVBo1YVDnd3rMre1VFJa4UBgU0nNMs2PBIlq0%2F%2FuJRrZf3GFe0G9W%2FQ%3D%3D","environmentVariables":{"FIREBASE_CONFIG":"{\"projectId\":\"recipe-finder-90c41\",\"storageBucket\":\"recipe-finder-90c41.firebasestorage.app\"}","GCLOUD_PROJECT":"recipe-finder-90c41","EVENTARC_CLOUD_EVENT_SOURCE":"projects/recipe-finder-90c41/locations/us-central1/functions/api"},"runtime":"nodejs20","buildId":"b1ed4556-8060-490b-985d-f969f6855fd7","buildEnvironmentVariables":{"GOOGLE_NODE_RUN_SCRIPTS":""},"buildName":"projects/124360688245/locations/us-central1/builds/b1ed4556-8060-490b-985d-f969f6855fd7","dockerRegistry":"ARTIFACT_REGISTRY","automaticUpdatePolicy":{},"buildServiceAccount":"projects/recipe-finder-90c41/serviceAccounts/124360688245-compute@developer.gserviceaccount.com"},"versionId":"15","updateTime":"2026-01-22T18:55:09Z","buildId":"06abd2fa-8fa1-417d-bc56-ad1d9ab09f13","sourceToken":"b7e132d1-fa65-46f8-a8c6-f1ad7c9dca73","buildName":"projects/124360688245/locations/us-central1/builds/06abd2fa-8fa1-417d-bc56-ad1d9ab09f13"}}
[debug] [2026-01-22T18:55:57.614Z] Got source token b7e132d1-fa65-46f8-a8c6-f1ad7c9dca73 for region us-central1
[debug] [2026-01-22T18:56:07.625Z] [update-default-us-central1-api] Retrying task index 0
[debug] [2026-01-22T18:56:07.625Z] Checked if tokens are valid: true, expires at: 1769110447122
[debug] [2026-01-22T18:56:07.625Z] Checked if tokens are valid: true, expires at: 1769110447122
[debug] [2026-01-22T18:56:07.625Z] >>> [apiv2][query] GET https://cloudfunctions.googleapis.com/v1/operations/cmVjaXBlLWZpbmRlci05MGM0MS91cy1jZW50cmFsMS9hcGkvNER4Vmt0cGpJVVE [none]
[debug] [2026-01-22T18:56:07.957Z] <<< [apiv2][status] GET https://cloudfunctions.googleapis.com/v1/operations/cmVjaXBlLWZpbmRlci05MGM0MS91cy1jZW50cmFsMS9hcGkvNER4Vmt0cGpJVVE 200
[debug] [2026-01-22T18:56:07.957Z] <<< [apiv2][body] GET https://cloudfunctions.googleapis.com/v1/operations/cmVjaXBlLWZpbmRlci05MGM0MS91cy1jZW50cmFsMS9hcGkvNER4Vmt0cGpJVVE {"name":"operations/cmVjaXBlLWZpbmRlci05MGM0MS91cy1jZW50cmFsMS9hcGkvNER4Vmt0cGpJVVE","metadata":{"@type":"type.googleapis.com/google.cloud.functions.v1.OperationMetadataV1","target":"projects/recipe-finder-90c41/locations/us-central1/functions/api","type":"UPDATE_FUNCTION","request":{"@type":"type.googleapis.com/google.cloud.functions.v1.CloudFunction","name":"projects/recipe-finder-90c41/locations/us-central1/functions/api","httpsTrigger":{"url":"https://us-central1-recipe-finder-90c41.cloudfunctions.net/api","securityLevel":"SECURE_ALWAYS"},"status":"ACTIVE","entryPoint":"api","updateTime":"2026-01-22T18:53:04.873Z","versionId":"14","labels":{"deployment-tool":"cli-firebase","firebase-functions-hash":"b0faabb4aca31d9aa24d35c7afb127a19ee506a2"},"sourceUploadUrl":"https://storage.googleapis.com/uploads-240845515750.us-central1.cloudfunctions.appspot.com/c69f1e22-527c-4fac-9f75-15c5ef383f61.zip?GoogleAccessId=service-124360688245@gcf-admin-robot.iam.gserviceaccount.com&Expires=1769109907&Signature=Gn1xa4gVNZCTbf4ids50%2BSM%2BTFigHMH9DImTJyNDAcIFM%2FvxYLxYl2ChbyaNIK%2BmWJSxOtVT2gSJEyNHQzM%2BdSXGEe0MAK5J6QsVB454FfEOr2RNvUYUwWkFs3MtI55uUFQRC0SOGDz7ya2NyKBYCtjhVyyxWv%2BeGV1EKYvBv1ccFdlU0AgP5KUQDG37ObFxHq%2BPbCOv55rMh5geOhfm3K3c8Hn7ufriRiZT0PGkT8JM6zFZMlecIcpoBdYx9Exn5Zi80b7OChWHbfNoj6%2FuwAnZA8NmAsxYVBo1YVDnd3rMre1VFJa4UBgU0nNMs2PBIlq0%2F%2FuJRrZf3GFe0G9W%2FQ%3D%3D","environmentVariables":{"FIREBASE_CONFIG":"{\"projectId\":\"recipe-finder-90c41\",\"storageBucket\":\"recipe-finder-90c41.firebasestorage.app\"}","GCLOUD_PROJECT":"recipe-finder-90c41","EVENTARC_CLOUD_EVENT_SOURCE":"projects/recipe-finder-90c41/locations/us-central1/functions/api"},"runtime":"nodejs20","buildId":"b1ed4556-8060-490b-985d-f969f6855fd7","buildEnvironmentVariables":{"GOOGLE_NODE_RUN_SCRIPTS":""},"buildName":"projects/124360688245/locations/us-central1/builds/b1ed4556-8060-490b-985d-f969f6855fd7","dockerRegistry":"ARTIFACT_REGISTRY","automaticUpdatePolicy":{},"buildServiceAccount":"projects/recipe-finder-90c41/serviceAccounts/124360688245-compute@developer.gserviceaccount.com"},"versionId":"15","updateTime":"2026-01-22T18:55:09Z","buildId":"06abd2fa-8fa1-417d-bc56-ad1d9ab09f13","sourceToken":"b7e132d1-fa65-46f8-a8c6-f1ad7c9dca73","buildName":"projects/124360688245/locations/us-central1/builds/06abd2fa-8fa1-417d-bc56-ad1d9ab09f13"}}
[debug] [2026-01-22T18:56:07.957Z] Got source token b7e132d1-fa65-46f8-a8c6-f1ad7c9dca73 for region us-central1
[debug] [2026-01-22T18:56:17.968Z] [update-default-us-central1-api] Retrying task index 0
[debug] [2026-01-22T18:56:17.969Z] Checked if tokens are valid: true, expires at: 1769110447122
[debug] [2026-01-22T18:56:17.969Z] Checked if tokens are valid: true, expires at: 1769110447122
[debug] [2026-01-22T18:56:17.969Z] >>> [apiv2][query] GET https://cloudfunctions.googleapis.com/v1/operations/cmVjaXBlLWZpbmRlci05MGM0MS91cy1jZW50cmFsMS9hcGkvNER4Vmt0cGpJVVE [none]
[debug] [2026-01-22T18:56:18.290Z] <<< [apiv2][status] GET https://cloudfunctions.googleapis.com/v1/operations/cmVjaXBlLWZpbmRlci05MGM0MS91cy1jZW50cmFsMS9hcGkvNER4Vmt0cGpJVVE 200
[debug] [2026-01-22T18:56:18.290Z] <<< [apiv2][body] GET https://cloudfunctions.googleapis.com/v1/operations/cmVjaXBlLWZpbmRlci05MGM0MS91cy1jZW50cmFsMS9hcGkvNER4Vmt0cGpJVVE {"name":"operations/cmVjaXBlLWZpbmRlci05MGM0MS91cy1jZW50cmFsMS9hcGkvNER4Vmt0cGpJVVE","metadata":{"@type":"type.googleapis.com/google.cloud.functions.v1.OperationMetadataV1","target":"projects/recipe-finder-90c41/locations/us-central1/functions/api","type":"UPDATE_FUNCTION","request":{"@type":"type.googleapis.com/google.cloud.functions.v1.CloudFunction","name":"projects/recipe-finder-90c41/locations/us-central1/functions/api","httpsTrigger":{"url":"https://us-central1-recipe-finder-90c41.cloudfunctions.net/api","securityLevel":"SECURE_ALWAYS"},"status":"ACTIVE","entryPoint":"api","updateTime":"2026-01-22T18:53:04.873Z","versionId":"14","labels":{"deployment-tool":"cli-firebase","firebase-functions-hash":"b0faabb4aca31d9aa24d35c7afb127a19ee506a2"},"sourceUploadUrl":"https://storage.googleapis.com/uploads-240845515750.us-central1.cloudfunctions.appspot.com/c69f1e22-527c-4fac-9f75-15c5ef383f61.zip?GoogleAccessId=service-124360688245@gcf-admin-robot.iam.gserviceaccount.com&Expires=1769109907&Signature=Gn1xa4gVNZCTbf4ids50%2BSM%2BTFigHMH9DImTJyNDAcIFM%2FvxYLxYl2ChbyaNIK%2BmWJSxOtVT2gSJEyNHQzM%2BdSXGEe0MAK5J6QsVB454FfEOr2RNvUYUwWkFs3MtI55uUFQRC0SOGDz7ya2NyKBYCtjhVyyxWv%2BeGV1EKYvBv1ccFdlU0AgP5KUQDG37ObFxHq%2BPbCOv55rMh5geOhfm3K3c8Hn7ufriRiZT0PGkT8JM6zFZMlecIcpoBdYx9Exn5Zi80b7OChWHbfNoj6%2FuwAnZA8NmAsxYVBo1YVDnd3rMre1VFJa4UBgU0nNMs2PBIlq0%2F%2FuJRrZf3GFe0G9W%2FQ%3D%3D","environmentVariables":{"FIREBASE_CONFIG":"{\"projectId\":\"recipe-finder-90c41\",\"storageBucket\":\"recipe-finder-90c41.firebasestorage.app\"}","GCLOUD_PROJECT":"recipe-finder-90c41","EVENTARC_CLOUD_EVENT_SOURCE":"projects/recipe-finder-90c41/locations/us-central1/functions/api"},"runtime":"nodejs20","buildId":"b1ed4556-8060-490b-985d-f969f6855fd7","buildEnvironmentVariables":{"GOOGLE_NODE_RUN_SCRIPTS":""},"buildName":"projects/124360688245/locations/us-central1/builds/b1ed4556-8060-490b-985d-f969f6855fd7","dockerRegistry":"ARTIFACT_REGISTRY","automaticUpdatePolicy":{},"buildServiceAccount":"projects/recipe-finder-90c41/serviceAccounts/124360688245-compute@developer.gserviceaccount.com"},"versionId":"15","updateTime":"2026-01-22T18:55:09Z","buildId":"06abd2fa-8fa1-417d-bc56-ad1d9ab09f13","sourceToken":"b7e132d1-fa65-46f8-a8c6-f1ad7c9dca73","buildName":"projects/124360688245/locations/us-central1/builds/06abd2fa-8fa1-417d-bc56-ad1d9ab09f13"}}
[debug] [2026-01-22T18:56:18.290Z] Got source token b7e132d1-fa65-46f8-a8c6-f1ad7c9dca73 for region us-central1
[debug] [2026-01-22T18:56:28.296Z] [update-default-us-central1-api] Retrying task index 0
[debug] [2026-01-22T18:56:28.296Z] Checked if tokens are valid: true, expires at: 1769110447122
[debug] [2026-01-22T18:56:28.296Z] Checked if tokens are valid: true, expires at: 1769110447122
[debug] [2026-01-22T18:56:28.296Z] >>> [apiv2][query] GET https://cloudfunctions.googleapis.com/v1/operations/cmVjaXBlLWZpbmRlci05MGM0MS91cy1jZW50cmFsMS9hcGkvNER4Vmt0cGpJVVE [none]
[debug] [2026-01-22T18:56:28.591Z] <<< [apiv2][status] GET https://cloudfunctions.googleapis.com/v1/operations/cmVjaXBlLWZpbmRlci05MGM0MS91cy1jZW50cmFsMS9hcGkvNER4Vmt0cGpJVVE 200
[debug] [2026-01-22T18:56:28.591Z] <<< [apiv2][body] GET https://cloudfunctions.googleapis.com/v1/operations/cmVjaXBlLWZpbmRlci05MGM0MS91cy1jZW50cmFsMS9hcGkvNER4Vmt0cGpJVVE {"name":"operations/cmVjaXBlLWZpbmRlci05MGM0MS91cy1jZW50cmFsMS9hcGkvNER4Vmt0cGpJVVE","metadata":{"@type":"type.googleapis.com/google.cloud.functions.v1.OperationMetadataV1","target":"projects/recipe-finder-90c41/locations/us-central1/functions/api","type":"UPDATE_FUNCTION","request":{"@type":"type.googleapis.com/google.cloud.functions.v1.CloudFunction","name":"projects/recipe-finder-90c41/locations/us-central1/functions/api","httpsTrigger":{"url":"https://us-central1-recipe-finder-90c41.cloudfunctions.net/api","securityLevel":"SECURE_ALWAYS"},"status":"ACTIVE","entryPoint":"api","updateTime":"2026-01-22T18:53:04.873Z","versionId":"14","labels":{"deployment-tool":"cli-firebase","firebase-functions-hash":"b0faabb4aca31d9aa24d35c7afb127a19ee506a2"},"sourceUploadUrl":"https://storage.googleapis.com/uploads-240845515750.us-central1.cloudfunctions.appspot.com/c69f1e22-527c-4fac-9f75-15c5ef383f61.zip?GoogleAccessId=service-124360688245@gcf-admin-robot.iam.gserviceaccount.com&Expires=1769109907&Signature=Gn1xa4gVNZCTbf4ids50%2BSM%2BTFigHMH9DImTJyNDAcIFM%2FvxYLxYl2ChbyaNIK%2BmWJSxOtVT2gSJEyNHQzM%2BdSXGEe0MAK5J6QsVB454FfEOr2RNvUYUwWkFs3MtI55uUFQRC0SOGDz7ya2NyKBYCtjhVyyxWv%2BeGV1EKYvBv1ccFdlU0AgP5KUQDG37ObFxHq%2BPbCOv55rMh5geOhfm3K3c8Hn7ufriRiZT0PGkT8JM6zFZMlecIcpoBdYx9Exn5Zi80b7OChWHbfNoj6%2FuwAnZA8NmAsxYVBo1YVDnd3rMre1VFJa4UBgU0nNMs2PBIlq0%2F%2FuJRrZf3GFe0G9W%2FQ%3D%3D","environmentVariables":{"FIREBASE_CONFIG":"{\"projectId\":\"recipe-finder-90c41\",\"storageBucket\":\"recipe-finder-90c41.firebasestorage.app\"}","GCLOUD_PROJECT":"recipe-finder-90c41","EVENTARC_CLOUD_EVENT_SOURCE":"projects/recipe-finder-90c41/locations/us-central1/functions/api"},"runtime":"nodejs20","buildId":"b1ed4556-8060-490b-985d-f969f6855fd7","buildEnvironmentVariables":{"GOOGLE_NODE_RUN_SCRIPTS":""},"buildName":"projects/124360688245/locations/us-central1/builds/b1ed4556-8060-490b-985d-f969f6855fd7","dockerRegistry":"ARTIFACT_REGISTRY","automaticUpdatePolicy":{},"buildServiceAccount":"projects/recipe-finder-90c41/serviceAccounts/124360688245-compute@developer.gserviceaccount.com"},"versionId":"15","updateTime":"2026-01-22T18:55:09Z","buildId":"06abd2fa-8fa1-417d-bc56-ad1d9ab09f13","sourceToken":"b7e132d1-fa65-46f8-a8c6-f1ad7c9dca73","buildName":"projects/124360688245/locations/us-central1/builds/06abd2fa-8fa1-417d-bc56-ad1d9ab09f13"}}
[debug] [2026-01-22T18:56:28.591Z] Got source token b7e132d1-fa65-46f8-a8c6-f1ad7c9dca73 for region us-central1
[debug] [2026-01-22T18:56:38.597Z] [update-default-us-central1-api] Retrying task index 0
[debug] [2026-01-22T18:56:38.597Z] Checked if tokens are valid: true, expires at: 1769110447122
[debug] [2026-01-22T18:56:38.597Z] Checked if tokens are valid: true, expires at: 1769110447122
[debug] [2026-01-22T18:56:38.597Z] >>> [apiv2][query] GET https://cloudfunctions.googleapis.com/v1/operations/cmVjaXBlLWZpbmRlci05MGM0MS91cy1jZW50cmFsMS9hcGkvNER4Vmt0cGpJVVE [none]
[debug] [2026-01-22T18:56:39.132Z] <<< [apiv2][status] GET https://cloudfunctions.googleapis.com/v1/operations/cmVjaXBlLWZpbmRlci05MGM0MS91cy1jZW50cmFsMS9hcGkvNER4Vmt0cGpJVVE 200
[debug] [2026-01-22T18:56:39.132Z] <<< [apiv2][body] GET https://cloudfunctions.googleapis.com/v1/operations/cmVjaXBlLWZpbmRlci05MGM0MS91cy1jZW50cmFsMS9hcGkvNER4Vmt0cGpJVVE {"name":"operations/cmVjaXBlLWZpbmRlci05MGM0MS91cy1jZW50cmFsMS9hcGkvNER4Vmt0cGpJVVE","metadata":{"@type":"type.googleapis.com/google.cloud.functions.v1.OperationMetadataV1","target":"projects/recipe-finder-90c41/locations/us-central1/functions/api","type":"UPDATE_FUNCTION","request":{"@type":"type.googleapis.com/google.cloud.functions.v1.CloudFunction","name":"projects/recipe-finder-90c41/locations/us-central1/functions/api","httpsTrigger":{"url":"https://us-central1-recipe-finder-90c41.cloudfunctions.net/api","securityLevel":"SECURE_ALWAYS"},"status":"ACTIVE","entryPoint":"api","updateTime":"2026-01-22T18:53:04.873Z","versionId":"14","labels":{"deployment-tool":"cli-firebase","firebase-functions-hash":"b0faabb4aca31d9aa24d35c7afb127a19ee506a2"},"sourceUploadUrl":"https://storage.googleapis.com/uploads-240845515750.us-central1.cloudfunctions.appspot.com/c69f1e22-527c-4fac-9f75-15c5ef383f61.zip?GoogleAccessId=service-124360688245@gcf-admin-robot.iam.gserviceaccount.com&Expires=1769109907&Signature=Gn1xa4gVNZCTbf4ids50%2BSM%2BTFigHMH9DImTJyNDAcIFM%2FvxYLxYl2ChbyaNIK%2BmWJSxOtVT2gSJEyNHQzM%2BdSXGEe0MAK5J6QsVB454FfEOr2RNvUYUwWkFs3MtI55uUFQRC0SOGDz7ya2NyKBYCtjhVyyxWv%2BeGV1EKYvBv1ccFdlU0AgP5KUQDG37ObFxHq%2BPbCOv55rMh5geOhfm3K3c8Hn7ufriRiZT0PGkT8JM6zFZMlecIcpoBdYx9Exn5Zi80b7OChWHbfNoj6%2FuwAnZA8NmAsxYVBo1YVDnd3rMre1VFJa4UBgU0nNMs2PBIlq0%2F%2FuJRrZf3GFe0G9W%2FQ%3D%3D","environmentVariables":{"FIREBASE_CONFIG":"{\"projectId\":\"recipe-finder-90c41\",\"storageBucket\":\"recipe-finder-90c41.firebasestorage.app\"}","GCLOUD_PROJECT":"recipe-finder-90c41","EVENTARC_CLOUD_EVENT_SOURCE":"projects/recipe-finder-90c41/locations/us-central1/functions/api"},"runtime":"nodejs20","buildId":"b1ed4556-8060-490b-985d-f969f6855fd7","buildEnvironmentVariables":{"GOOGLE_NODE_RUN_SCRIPTS":""},"buildName":"projects/124360688245/locations/us-central1/builds/b1ed4556-8060-490b-985d-f969f6855fd7","dockerRegistry":"ARTIFACT_REGISTRY","automaticUpdatePolicy":{},"buildServiceAccount":"projects/recipe-finder-90c41/serviceAccounts/124360688245-compute@developer.gserviceaccount.com"},"versionId":"15","updateTime":"2026-01-22T18:55:09Z","buildId":"06abd2fa-8fa1-417d-bc56-ad1d9ab09f13","sourceToken":"b7e132d1-fa65-46f8-a8c6-f1ad7c9dca73","buildName":"projects/124360688245/locations/us-central1/builds/06abd2fa-8fa1-417d-bc56-ad1d9ab09f13"}}
[debug] [2026-01-22T18:56:39.132Z] Got source token b7e132d1-fa65-46f8-a8c6-f1ad7c9dca73 for region us-central1
